#! /usr/bin/vvp
:ivl_version "12.0 (stable)" "(v12_0-dirty)";
:ivl_delay_selection "TYPICAL";
:vpi_time_precision + 0;
:vpi_module "/usr/lib/ivl/system.vpi";
:vpi_module "/usr/lib/ivl/vhdl_sys.vpi";
:vpi_module "/usr/lib/ivl/vhdl_textio.vpi";
:vpi_module "/usr/lib/ivl/v2005_math.vpi";
:vpi_module "/usr/lib/ivl/va_math.vpi";
:vpi_module "/usr/lib/ivl/v2009.vpi";
S_0x62580f5d3750 .scope package, "$unit" "$unit" 2 1;
 .timescale 0 0;
S_0x62580f5d38e0 .scope module, "mips_tb" "mips_tb" 3 2;
 .timescale 0 0;
v0x62580f600da0_0 .var "clk1", 0 0;
v0x62580f600e40_0 .var "clk2", 0 0;
v0x62580f600ee0_0 .var "data", 31 0;
v0x62580f600f80_0 .var/i "file", 31 0;
v0x62580f601040_0 .var/i "i", 31 0;
v0x62580f601120_0 .var/i "r", 31 0;
S_0x62580f584610 .scope begin, "$unm_blk_15" "$unm_blk_15" 3 21, 3 21 0, S_0x62580f5d38e0;
 .timescale 0 0;
v0x62580f5b1030_0 .var "filename", 320 1;
S_0x62580f5fe7d0 .scope module, "cpu" "mips32" 3 8, 4 1 0, S_0x62580f5d38e0;
 .timescale 0 0;
    .port_info 0 /INPUT 1 "clk1";
    .port_info 1 /INPUT 1 "clk2";
P_0x62580f5fe9d0 .param/l "ADD" 0 4 14, C4<000000>;
P_0x62580f5fea10 .param/l "ADDI" 0 4 16, C4<001010>;
P_0x62580f5fea50 .param/l "AND" 0 4 14, C4<000010>;
P_0x62580f5fea90 .param/l "BEQZ" 0 4 17, C4<001110>;
P_0x62580f5fead0 .param/l "BNEQZ" 0 4 17, C4<001101>;
P_0x62580f5feb10 .param/l "BRANCH" 0 4 21, C4<100>;
P_0x62580f5feb50 .param/l "DIV" 0 4 15, C4<000110>;
P_0x62580f5feb90 .param/l "EQ" 0 4 15, C4<000111>;
P_0x62580f5febd0 .param/l "HALT" 0 4 21, C4<101>;
P_0x62580f5fec10 .param/l "HLT" 0 4 15, C4<111111>;
P_0x62580f5fec50 .param/l "JMP" 0 4 17, C4<001111>;
P_0x62580f5fec90 .param/l "LOAD" 0 4 20, C4<010>;
P_0x62580f5fecd0 .param/l "LW" 0 4 15, C4<001000>;
P_0x62580f5fed10 .param/l "MUL" 0 4 15, C4<000101>;
P_0x62580f5fed50 .param/l "OR" 0 4 14, C4<000011>;
P_0x62580f5fed90 .param/l "RM_ALU" 0 4 20, C4<001>;
P_0x62580f5fedd0 .param/l "RR_ALU" 0 4 20, C4<000>;
P_0x62580f5fee10 .param/l "SLT" 0 4 15, C4<000100>;
P_0x62580f5fee50 .param/l "SLTI" 0 4 16, C4<001100>;
P_0x62580f5fee90 .param/l "STORE" 0 4 20, C4<011>;
P_0x62580f5feed0 .param/l "SUB" 0 4 14, C4<000001>;
P_0x62580f5fef10 .param/l "SUBI" 0 4 16, C4<001011>;
P_0x62580f5fef50 .param/l "SW" 0 4 16, C4<001001>;
v0x62580f5b6230_0 .var "EX_MEM_ALUout", 31 0;
v0x62580f5bb150_0 .var "EX_MEM_B", 31 0;
v0x62580f5ffab0_0 .var "EX_MEM_IR", 31 0;
v0x62580f5ffb70_0 .var "EX_MEM_cond", 0 0;
v0x62580f5ffc30_0 .var "EX_MEM_type", 2 0;
v0x62580f5ffd60_0 .var "HALTED", 0 0;
v0x62580f5ffe20_0 .var "ID_EX_A", 31 0;
v0x62580f5fff00_0 .var "ID_EX_B", 31 0;
v0x62580f5fffe0_0 .var "ID_EX_IMM", 31 0;
v0x62580f6000c0_0 .var "ID_EX_IR", 31 0;
v0x62580f6001a0_0 .var "ID_EX_NPC", 31 0;
v0x62580f600280_0 .var "ID_EX_type", 2 0;
v0x62580f600360_0 .var "IF_ID_IR", 31 0;
v0x62580f600440_0 .var "IF_ID_NPC", 31 0;
v0x62580f600520_0 .var "MEM_WB_ALUout", 31 0;
v0x62580f600600_0 .var "MEM_WB_IR", 31 0;
v0x62580f6006e0_0 .var "MEM_WB_LMD", 31 0;
v0x62580f6007c0_0 .var "MEM_WB_type", 2 0;
v0x62580f6008a0_0 .var "PC", 31 0;
v0x62580f600980_0 .var "TAKEN_BRANCH", 0 0;
v0x62580f600a40_0 .net "clk1", 0 0, v0x62580f600da0_0;  1 drivers
v0x62580f600b00_0 .net "clk2", 0 0, v0x62580f600e40_0;  1 drivers
v0x62580f600bc0 .array "mem", 1023 0, 31 0;
v0x62580f600c80 .array "regbank", 31 0, 31 0;
E_0x62580f5bfb70 .event posedge, v0x62580f600a40_0;
E_0x62580f5a8320 .event posedge, v0x62580f600b00_0;
    .scope S_0x62580f5fe7d0;
T_0 ;
    %wait E_0x62580f5bfb70;
    %load/vec4 v0x62580f5ffd60_0;
    %pad/u 32;
    %cmpi/e 0, 0, 32;
    %jmp/0xz  T_0.0, 4;
    %load/vec4 v0x62580f5ffab0_0;
    %parti/s 6, 26, 6;
    %cmpi/e 14, 0, 6;
    %flag_get/vec4 4;
    %jmp/0 T_0.5, 4;
    %load/vec4 v0x62580f5ffb70_0;
    %pad/u 32;
    %pushi/vec4 1, 0, 32;
    %cmp/e;
    %flag_get/vec4 4;
    %and;
T_0.5;
    %flag_set/vec4 8;
    %jmp/1 T_0.4, 8;
    %load/vec4 v0x62580f5ffab0_0;
    %parti/s 6, 26, 6;
    %cmpi/e 13, 0, 6;
    %flag_get/vec4 4;
    %jmp/0 T_0.6, 4;
    %load/vec4 v0x62580f5ffb70_0;
    %pad/u 32;
    %pushi/vec4 0, 0, 32;
    %cmp/e;
    %flag_get/vec4 4;
    %and;
T_0.6;
    %flag_set/vec4 9;
    %flag_or 8, 9;
T_0.4;
    %jmp/0xz  T_0.2, 8;
    %ix/getv 4, v0x62580f5b6230_0;
    %load/vec4a v0x62580f600bc0, 4;
    %assign/vec4 v0x62580f600360_0, 2;
    %pushi/vec4 1, 0, 1;
    %assign/vec4 v0x62580f600980_0, 2;
    %load/vec4 v0x62580f5b6230_0;
    %addi 1, 0, 32;
    %assign/vec4 v0x62580f600440_0, 2;
    %load/vec4 v0x62580f5b6230_0;
    %addi 1, 0, 32;
    %assign/vec4 v0x62580f6008a0_0, 2;
    %jmp T_0.3;
T_0.2 ;
    %ix/getv 4, v0x62580f6008a0_0;
    %load/vec4a v0x62580f600bc0, 4;
    %assign/vec4 v0x62580f600360_0, 2;
    %load/vec4 v0x62580f6008a0_0;
    %addi 1, 0, 32;
    %assign/vec4 v0x62580f600440_0, 2;
    %load/vec4 v0x62580f6008a0_0;
    %addi 1, 0, 32;
    %assign/vec4 v0x62580f6008a0_0, 2;
T_0.3 ;
T_0.0 ;
    %jmp T_0;
    .thread T_0;
    .scope S_0x62580f5fe7d0;
T_1 ;
    %wait E_0x62580f5a8320;
    %load/vec4 v0x62580f5ffd60_0;
    %pad/u 32;
    %cmpi/e 0, 0, 32;
    %jmp/0xz  T_1.0, 4;
    %load/vec4 v0x62580f600360_0;
    %parti/s 5, 21, 6;
    %cmpi/e 0, 0, 5;
    %jmp/0xz  T_1.2, 4;
    %pushi/vec4 0, 0, 32;
    %assign/vec4 v0x62580f5ffe20_0, 0;
    %jmp T_1.3;
T_1.2 ;
    %load/vec4 v0x62580f600360_0;
    %parti/s 5, 21, 6;
    %pad/u 7;
    %ix/vec4 4;
    %load/vec4a v0x62580f600c80, 4;
    %assign/vec4 v0x62580f5ffe20_0, 2;
T_1.3 ;
    %load/vec4 v0x62580f600360_0;
    %parti/s 5, 16, 6;
    %cmpi/e 0, 0, 5;
    %jmp/0xz  T_1.4, 4;
    %pushi/vec4 0, 0, 32;
    %assign/vec4 v0x62580f5fff00_0, 0;
    %jmp T_1.5;
T_1.4 ;
    %load/vec4 v0x62580f600360_0;
    %parti/s 5, 16, 6;
    %pad/u 7;
    %ix/vec4 4;
    %load/vec4a v0x62580f600c80, 4;
    %assign/vec4 v0x62580f5fff00_0, 2;
T_1.5 ;
    %load/vec4 v0x62580f600440_0;
    %assign/vec4 v0x62580f6001a0_0, 2;
    %load/vec4 v0x62580f600360_0;
    %assign/vec4 v0x62580f6000c0_0, 2;
    %load/vec4 v0x62580f600360_0;
    %parti/s 1, 15, 5;
    %replicate 16;
    %load/vec4 v0x62580f600360_0;
    %parti/s 16, 0, 2;
    %concat/vec4; draw_concat_vec4
    %assign/vec4 v0x62580f5fffe0_0, 2;
    %load/vec4 v0x62580f600360_0;
    %parti/s 6, 26, 6;
    %dup/vec4;
    %pushi/vec4 0, 0, 6;
    %cmp/u;
    %jmp/1 T_1.6, 6;
    %dup/vec4;
    %pushi/vec4 1, 0, 6;
    %cmp/u;
    %jmp/1 T_1.7, 6;
    %dup/vec4;
    %pushi/vec4 2, 0, 6;
    %cmp/u;
    %jmp/1 T_1.8, 6;
    %dup/vec4;
    %pushi/vec4 3, 0, 6;
    %cmp/u;
    %jmp/1 T_1.9, 6;
    %dup/vec4;
    %pushi/vec4 4, 0, 6;
    %cmp/u;
    %jmp/1 T_1.10, 6;
    %dup/vec4;
    %pushi/vec4 5, 0, 6;
    %cmp/u;
    %jmp/1 T_1.11, 6;
    %dup/vec4;
    %pushi/vec4 6, 0, 6;
    %cmp/u;
    %jmp/1 T_1.12, 6;
    %dup/vec4;
    %pushi/vec4 10, 0, 6;
    %cmp/u;
    %jmp/1 T_1.13, 6;
    %dup/vec4;
    %pushi/vec4 11, 0, 6;
    %cmp/u;
    %jmp/1 T_1.14, 6;
    %dup/vec4;
    %pushi/vec4 12, 0, 6;
    %cmp/u;
    %jmp/1 T_1.15, 6;
    %dup/vec4;
    %pushi/vec4 8, 0, 6;
    %cmp/u;
    %jmp/1 T_1.16, 6;
    %dup/vec4;
    %pushi/vec4 9, 0, 6;
    %cmp/u;
    %jmp/1 T_1.17, 6;
    %dup/vec4;
    %pushi/vec4 13, 0, 6;
    %cmp/u;
    %jmp/1 T_1.18, 6;
    %dup/vec4;
    %pushi/vec4 14, 0, 6;
    %cmp/u;
    %jmp/1 T_1.19, 6;
    %dup/vec4;
    %pushi/vec4 15, 0, 6;
    %cmp/u;
    %jmp/1 T_1.20, 6;
    %dup/vec4;
    %pushi/vec4 63, 0, 6;
    %cmp/u;
    %jmp/1 T_1.21, 6;
    %pushi/vec4 5, 0, 3;
    %assign/vec4 v0x62580f600280_0, 2;
    %jmp T_1.23;
T_1.6 ;
    %pushi/vec4 0, 0, 3;
    %assign/vec4 v0x62580f600280_0, 2;
    %jmp T_1.23;
T_1.7 ;
    %pushi/vec4 0, 0, 3;
    %assign/vec4 v0x62580f600280_0, 2;
    %jmp T_1.23;
T_1.8 ;
    %pushi/vec4 0, 0, 3;
    %assign/vec4 v0x62580f600280_0, 2;
    %jmp T_1.23;
T_1.9 ;
    %pushi/vec4 0, 0, 3;
    %assign/vec4 v0x62580f600280_0, 2;
    %jmp T_1.23;
T_1.10 ;
    %pushi/vec4 0, 0, 3;
    %assign/vec4 v0x62580f600280_0, 2;
    %jmp T_1.23;
T_1.11 ;
    %pushi/vec4 0, 0, 3;
    %assign/vec4 v0x62580f600280_0, 2;
    %jmp T_1.23;
T_1.12 ;
    %pushi/vec4 0, 0, 3;
    %assign/vec4 v0x62580f600280_0, 2;
    %jmp T_1.23;
T_1.13 ;
    %pushi/vec4 1, 0, 3;
    %assign/vec4 v0x62580f600280_0, 2;
    %jmp T_1.23;
T_1.14 ;
    %pushi/vec4 1, 0, 3;
    %assign/vec4 v0x62580f600280_0, 2;
    %jmp T_1.23;
T_1.15 ;
    %pushi/vec4 1, 0, 3;
    %assign/vec4 v0x62580f600280_0, 2;
    %jmp T_1.23;
T_1.16 ;
    %pushi/vec4 2, 0, 3;
    %assign/vec4 v0x62580f600280_0, 2;
    %jmp T_1.23;
T_1.17 ;
    %pushi/vec4 3, 0, 3;
    %assign/vec4 v0x62580f600280_0, 2;
    %jmp T_1.23;
T_1.18 ;
    %pushi/vec4 4, 0, 3;
    %assign/vec4 v0x62580f600280_0, 2;
    %jmp T_1.23;
T_1.19 ;
    %pushi/vec4 4, 0, 3;
    %assign/vec4 v0x62580f600280_0, 2;
    %jmp T_1.23;
T_1.20 ;
    %pushi/vec4 4, 0, 3;
    %assign/vec4 v0x62580f600280_0, 2;
    %jmp T_1.23;
T_1.21 ;
    %pushi/vec4 5, 0, 3;
    %assign/vec4 v0x62580f600280_0, 2;
    %jmp T_1.23;
T_1.23 ;
    %pop/vec4 1;
T_1.0 ;
    %jmp T_1;
    .thread T_1;
    .scope S_0x62580f5fe7d0;
T_2 ;
    %wait E_0x62580f5bfb70;
    %load/vec4 v0x62580f5ffd60_0;
    %pad/u 32;
    %cmpi/e 0, 0, 32;
    %jmp/0xz  T_2.0, 4;
    %load/vec4 v0x62580f600280_0;
    %assign/vec4 v0x62580f5ffc30_0, 2;
    %load/vec4 v0x62580f6000c0_0;
    %assign/vec4 v0x62580f5ffab0_0, 2;
    %pushi/vec4 0, 0, 1;
    %assign/vec4 v0x62580f600980_0, 2;
    %load/vec4 v0x62580f600280_0;
    %dup/vec4;
    %pushi/vec4 0, 0, 3;
    %cmp/u;
    %jmp/1 T_2.2, 6;
    %dup/vec4;
    %pushi/vec4 1, 0, 3;
    %cmp/u;
    %jmp/1 T_2.3, 6;
    %dup/vec4;
    %pushi/vec4 2, 0, 3;
    %cmp/u;
    %jmp/1 T_2.4, 6;
    %dup/vec4;
    %pushi/vec4 3, 0, 3;
    %cmp/u;
    %jmp/1 T_2.5, 6;
    %dup/vec4;
    %pushi/vec4 4, 0, 3;
    %cmp/u;
    %jmp/1 T_2.6, 6;
    %jmp T_2.7;
T_2.2 ;
    %load/vec4 v0x62580f6000c0_0;
    %parti/s 6, 26, 6;
    %dup/vec4;
    %pushi/vec4 0, 0, 6;
    %cmp/u;
    %jmp/1 T_2.8, 6;
    %dup/vec4;
    %pushi/vec4 1, 0, 6;
    %cmp/u;
    %jmp/1 T_2.9, 6;
    %dup/vec4;
    %pushi/vec4 2, 0, 6;
    %cmp/u;
    %jmp/1 T_2.10, 6;
    %dup/vec4;
    %pushi/vec4 3, 0, 6;
    %cmp/u;
    %jmp/1 T_2.11, 6;
    %dup/vec4;
    %pushi/vec4 4, 0, 6;
    %cmp/u;
    %jmp/1 T_2.12, 6;
    %dup/vec4;
    %pushi/vec4 5, 0, 6;
    %cmp/u;
    %jmp/1 T_2.13, 6;
    %dup/vec4;
    %pushi/vec4 6, 0, 6;
    %cmp/u;
    %jmp/1 T_2.14, 6;
    %dup/vec4;
    %pushi/vec4 7, 0, 6;
    %cmp/u;
    %jmp/1 T_2.15, 6;
    %pushi/vec4 4294967295, 4294967295, 32;
    %assign/vec4 v0x62580f5b6230_0, 2;
    %jmp T_2.17;
T_2.8 ;
    %load/vec4 v0x62580f5ffe20_0;
    %load/vec4 v0x62580f5fff00_0;
    %add;
    %assign/vec4 v0x62580f5b6230_0, 2;
    %jmp T_2.17;
T_2.9 ;
    %load/vec4 v0x62580f5ffe20_0;
    %load/vec4 v0x62580f5fff00_0;
    %sub;
    %assign/vec4 v0x62580f5b6230_0, 2;
    %jmp T_2.17;
T_2.10 ;
    %load/vec4 v0x62580f5ffe20_0;
    %load/vec4 v0x62580f5fff00_0;
    %and;
    %assign/vec4 v0x62580f5b6230_0, 2;
    %jmp T_2.17;
T_2.11 ;
    %load/vec4 v0x62580f5ffe20_0;
    %load/vec4 v0x62580f5fff00_0;
    %or;
    %assign/vec4 v0x62580f5b6230_0, 2;
    %jmp T_2.17;
T_2.12 ;
    %load/vec4 v0x62580f5ffe20_0;
    %load/vec4 v0x62580f5fff00_0;
    %cmp/u;
    %flag_get/vec4 5;
    %pad/u 32;
    %assign/vec4 v0x62580f5b6230_0, 2;
    %jmp T_2.17;
T_2.13 ;
    %load/vec4 v0x62580f5ffe20_0;
    %load/vec4 v0x62580f5fff00_0;
    %mul;
    %assign/vec4 v0x62580f5b6230_0, 2;
    %jmp T_2.17;
T_2.14 ;
    %load/vec4 v0x62580f5ffe20_0;
    %load/vec4 v0x62580f5fff00_0;
    %div;
    %assign/vec4 v0x62580f5b6230_0, 2;
    %jmp T_2.17;
T_2.15 ;
    %load/vec4 v0x62580f5ffe20_0;
    %load/vec4 v0x62580f5fff00_0;
    %cmp/e;
    %flag_get/vec4 4;
    %pad/u 32;
    %assign/vec4 v0x62580f5b6230_0, 2;
    %jmp T_2.17;
T_2.17 ;
    %pop/vec4 1;
    %jmp T_2.7;
T_2.3 ;
    %load/vec4 v0x62580f6000c0_0;
    %parti/s 6, 26, 6;
    %dup/vec4;
    %pushi/vec4 10, 0, 6;
    %cmp/u;
    %jmp/1 T_2.18, 6;
    %dup/vec4;
    %pushi/vec4 11, 0, 6;
    %cmp/u;
    %jmp/1 T_2.19, 6;
    %dup/vec4;
    %pushi/vec4 12, 0, 6;
    %cmp/u;
    %jmp/1 T_2.20, 6;
    %pushi/vec4 4294967295, 4294967295, 32;
    %assign/vec4 v0x62580f5b6230_0, 2;
    %jmp T_2.22;
T_2.18 ;
    %load/vec4 v0x62580f5ffe20_0;
    %load/vec4 v0x62580f5fffe0_0;
    %add;
    %assign/vec4 v0x62580f5b6230_0, 2;
    %jmp T_2.22;
T_2.19 ;
    %load/vec4 v0x62580f5ffe20_0;
    %load/vec4 v0x62580f5fffe0_0;
    %sub;
    %assign/vec4 v0x62580f5b6230_0, 2;
    %jmp T_2.22;
T_2.20 ;
    %load/vec4 v0x62580f5ffe20_0;
    %load/vec4 v0x62580f5fffe0_0;
    %cmp/u;
    %flag_get/vec4 5;
    %pad/u 32;
    %assign/vec4 v0x62580f5b6230_0, 2;
    %jmp T_2.22;
T_2.22 ;
    %pop/vec4 1;
    %jmp T_2.7;
T_2.4 ;
    %load/vec4 v0x62580f5ffe20_0;
    %load/vec4 v0x62580f5fffe0_0;
    %add;
    %assign/vec4 v0x62580f5b6230_0, 2;
    %load/vec4 v0x62580f5fff00_0;
    %assign/vec4 v0x62580f5bb150_0, 2;
    %jmp T_2.7;
T_2.5 ;
    %load/vec4 v0x62580f5ffe20_0;
    %load/vec4 v0x62580f5fffe0_0;
    %add;
    %assign/vec4 v0x62580f5b6230_0, 2;
    %load/vec4 v0x62580f5fff00_0;
    %assign/vec4 v0x62580f5bb150_0, 2;
    %jmp T_2.7;
T_2.6 ;
    %load/vec4 v0x62580f6001a0_0;
    %load/vec4 v0x62580f5fffe0_0;
    %add;
    %assign/vec4 v0x62580f5b6230_0, 2;
    %load/vec4 v0x62580f5ffe20_0;
    %pushi/vec4 0, 0, 32;
    %cmp/e;
    %flag_get/vec4 4;
    %assign/vec4 v0x62580f5ffb70_0, 2;
    %jmp T_2.7;
T_2.7 ;
    %pop/vec4 1;
T_2.0 ;
    %jmp T_2;
    .thread T_2;
    .scope S_0x62580f5fe7d0;
T_3 ;
    %wait E_0x62580f5a8320;
    %load/vec4 v0x62580f5ffd60_0;
    %pad/u 32;
    %cmpi/e 0, 0, 32;
    %jmp/0xz  T_3.0, 4;
    %load/vec4 v0x62580f5ffc30_0;
    %assign/vec4 v0x62580f6007c0_0, 2;
    %load/vec4 v0x62580f5ffab0_0;
    %assign/vec4 v0x62580f600600_0, 2;
    %load/vec4 v0x62580f5ffc30_0;
    %dup/vec4;
    %pushi/vec4 0, 0, 3;
    %cmp/u;
    %jmp/1 T_3.2, 6;
    %dup/vec4;
    %pushi/vec4 1, 0, 3;
    %cmp/u;
    %jmp/1 T_3.3, 6;
    %dup/vec4;
    %pushi/vec4 2, 0, 3;
    %cmp/u;
    %jmp/1 T_3.4, 6;
    %dup/vec4;
    %pushi/vec4 3, 0, 3;
    %cmp/u;
    %jmp/1 T_3.5, 6;
    %jmp T_3.6;
T_3.2 ;
    %load/vec4 v0x62580f5b6230_0;
    %assign/vec4 v0x62580f600520_0, 2;
    %jmp T_3.6;
T_3.3 ;
    %load/vec4 v0x62580f5b6230_0;
    %assign/vec4 v0x62580f600520_0, 2;
    %jmp T_3.6;
T_3.4 ;
    %ix/getv 4, v0x62580f5b6230_0;
    %load/vec4a v0x62580f600bc0, 4;
    %assign/vec4 v0x62580f6006e0_0, 2;
    %jmp T_3.6;
T_3.5 ;
    %load/vec4 v0x62580f600980_0;
    %pad/u 32;
    %cmpi/e 0, 0, 32;
    %jmp/0xz  T_3.7, 4;
    %load/vec4 v0x62580f5bb150_0;
    %ix/getv 3, v0x62580f5b6230_0;
    %ix/load 4, 2, 0; Constant delay
    %assign/vec4/a/d v0x62580f600bc0, 0, 4;
T_3.7 ;
    %jmp T_3.6;
T_3.6 ;
    %pop/vec4 1;
T_3.0 ;
    %jmp T_3;
    .thread T_3;
    .scope S_0x62580f5fe7d0;
T_4 ;
    %wait E_0x62580f5bfb70;
    %load/vec4 v0x62580f600980_0;
    %pad/u 32;
    %cmpi/e 0, 0, 32;
    %jmp/0xz  T_4.0, 4;
    %load/vec4 v0x62580f6007c0_0;
    %dup/vec4;
    %pushi/vec4 0, 0, 3;
    %cmp/u;
    %jmp/1 T_4.2, 6;
    %dup/vec4;
    %pushi/vec4 1, 0, 3;
    %cmp/u;
    %jmp/1 T_4.3, 6;
    %dup/vec4;
    %pushi/vec4 2, 0, 3;
    %cmp/u;
    %jmp/1 T_4.4, 6;
    %dup/vec4;
    %pushi/vec4 5, 0, 3;
    %cmp/u;
    %jmp/1 T_4.5, 6;
    %jmp T_4.6;
T_4.2 ;
    %load/vec4 v0x62580f600520_0;
    %load/vec4 v0x62580f600600_0;
    %parti/s 5, 11, 5;
    %pad/u 7;
    %ix/vec4 3;
    %ix/load 4, 2, 0; Constant delay
    %assign/vec4/a/d v0x62580f600c80, 0, 4;
    %jmp T_4.6;
T_4.3 ;
    %load/vec4 v0x62580f600520_0;
    %load/vec4 v0x62580f600600_0;
    %parti/s 5, 16, 6;
    %pad/u 7;
    %ix/vec4 3;
    %ix/load 4, 2, 0; Constant delay
    %assign/vec4/a/d v0x62580f600c80, 0, 4;
    %jmp T_4.6;
T_4.4 ;
    %load/vec4 v0x62580f6006e0_0;
    %load/vec4 v0x62580f600600_0;
    %parti/s 5, 16, 6;
    %pad/u 7;
    %ix/vec4 3;
    %ix/load 4, 2, 0; Constant delay
    %assign/vec4/a/d v0x62580f600c80, 0, 4;
    %jmp T_4.6;
T_4.5 ;
    %pushi/vec4 1, 0, 1;
    %assign/vec4 v0x62580f5ffd60_0, 2;
    %jmp T_4.6;
T_4.6 ;
    %pop/vec4 1;
T_4.0 ;
    %jmp T_4;
    .thread T_4;
    .scope S_0x62580f5d38e0;
T_5 ;
    %pushi/vec4 0, 0, 1;
    %store/vec4 v0x62580f600da0_0, 0, 1;
    %pushi/vec4 0, 0, 1;
    %store/vec4 v0x62580f600e40_0, 0, 1;
    %pushi/vec4 200, 0, 32;
T_5.0 %dup/vec4;
    %pushi/vec4 0, 0, 32;
    %cmp/s;
    %jmp/1xz T_5.1, 5;
    %jmp/1 T_5.1, 4;
    %pushi/vec4 1, 0, 32;
    %sub;
    %delay 5, 0;
    %pushi/vec4 1, 0, 1;
    %store/vec4 v0x62580f600da0_0, 0, 1;
    %delay 5, 0;
    %pushi/vec4 0, 0, 1;
    %store/vec4 v0x62580f600da0_0, 0, 1;
    %delay 5, 0;
    %pushi/vec4 1, 0, 1;
    %store/vec4 v0x62580f600e40_0, 0, 1;
    %delay 5, 0;
    %pushi/vec4 0, 0, 1;
    %store/vec4 v0x62580f600e40_0, 0, 1;
    %jmp T_5.0;
T_5.1 ;
    %pop/vec4 1;
    %vpi_call/w 3 18 "$display", "Index of Key %2d is: %2d", &A<v0x62580f600c80, 5>, &A<v0x62580f600c80, 7> {0 0 0};
    %end;
    .thread T_5;
    .scope S_0x62580f5d38e0;
T_6 ;
    %fork t_1, S_0x62580f584610;
    %jmp t_0;
    .scope S_0x62580f584610;
t_1 ;
    %vpi_func 3 23 "$value$plusargs" 32, "%s", v0x62580f5b1030_0 {0 0 0};
    %cmpi/ne 0, 0, 32;
    %jmp/0xz  T_6.0, 4;
    %vpi_func 3 24 "$fopen" 32, v0x62580f5b1030_0, "r" {0 0 0};
    %store/vec4 v0x62580f600f80_0, 0, 32;
    %jmp T_6.1;
T_6.0 ;
    %vpi_call/w 3 27 "$display", "usage: mips32 +<path/to/binary/file>" {0 0 0};
    %vpi_call/w 3 28 "$finish" {0 0 0};
T_6.1 ;
    %load/vec4 v0x62580f600f80_0;
    %cmpi/e 0, 0, 32;
    %jmp/0xz  T_6.2, 4;
    %vpi_call/w 3 32 "$finish" {0 0 0};
T_6.2 ;
    %pushi/vec4 0, 0, 32;
    %store/vec4 v0x62580f601040_0, 0, 32;
T_6.4 ;
    %vpi_func 3 36 "$feof" 32, v0x62580f600f80_0 {0 0 0};
    %nor/r;
    %flag_set/vec4 9;
    %flag_get/vec4 9;
    %jmp/0 T_6.6, 9;
    %load/vec4 v0x62580f601040_0;
    %cmpi/s 1024, 0, 32;
    %flag_get/vec4 5;
    %and;
T_6.6;
    %flag_set/vec4 8;
    %jmp/0xz T_6.5, 8;
    %vpi_func 3 37 "$fscanf" 32, v0x62580f600f80_0, "%b\012", v0x62580f600ee0_0 {0 0 0};
    %store/vec4 v0x62580f601120_0, 0, 32;
    %load/vec4 v0x62580f601120_0;
    %cmpi/ne 0, 0, 32;
    %jmp/0xz  T_6.7, 4;
    %load/vec4 v0x62580f600ee0_0;
    %ix/getv/s 4, v0x62580f601040_0;
    %store/vec4a v0x62580f600bc0, 4, 0;
    %load/vec4 v0x62580f601040_0;
    %pushi/vec4 100, 0, 32;
    %load/vec4 v0x62580f601040_0;
    %add;
    %ix/vec4/s 4;
    %store/vec4a v0x62580f600bc0, 4, 0;
    %load/vec4 v0x62580f601040_0;
    %addi 1, 0, 32;
    %store/vec4 v0x62580f601040_0, 0, 32;
T_6.7 ;
    %jmp T_6.4;
T_6.5 ;
    %pushi/vec4 0, 0, 1;
    %store/vec4 v0x62580f5ffd60_0, 0, 1;
    %pushi/vec4 0, 0, 32;
    %store/vec4 v0x62580f6008a0_0, 0, 32;
    %pushi/vec4 0, 0, 1;
    %store/vec4 v0x62580f600980_0, 0, 1;
    %vpi_call/w 3 49 "$fclose", v0x62580f600f80_0 {0 0 0};
    %end;
    .scope S_0x62580f5d38e0;
t_0 %join;
    %end;
    .thread T_6;
# The file index is used to find the file name in the following table.
:file_names 5;
    "N/A";
    "<interactive>";
    "-";
    "mips_tb.v";
    "./mips.v";
